<?xml version="1.0" encoding="UTF-8"?>
<!-- Generated by org.testng.reporters.JUnitReportReporter -->
<testsuite hostname="KRISHNA-450-6V93" failures="0" tests="2" name="com.testng.prac.regularExpressionTestng" time="2.612" errors="0" timestamp="2023-02-01T16:05:56 IST" skipped="0">
  <testcase classname="com.testng.prac.regularExpressionTestng" name="click_element" time="1.469"/>
  <system-out/>
  <testcase classname="com.testng.prac.regularExpressionTestng" name="checkTitle" time="1.143"/>
  <system-out/>
</testsuite> <!-- com.testng.prac.regularExpressionTestng -->
