<?xml version="1.0" encoding="UTF-8"?>
<!-- Generated by org.testng.reporters.JUnitReportReporter -->
<testsuite hostname="KRISHNA-450-6V93" failures="0" tests="3" name="com.practice.practice.Testng1" time="2.446" errors="0" timestamp="2023-02-11T14:19:16 IST" skipped="0">
  <testcase classname="com.practice.practice.Testng1" name="a" time="1.094"/>
  <system-out/>
  <testcase classname="com.practice.practice.Testng1" name="c" time="1.342"/>
  <system-out/>
  <testcase classname="com.practice.practice.Testng1" name="b" time="0.010"/>
  <system-out/>
</testsuite> <!-- com.practice.practice.Testng1 -->
