<?xml version="1.0" encoding="UTF-8"?>
<!-- Generated by org.testng.reporters.JUnitReportReporter -->
<testsuite hostname="KRISHNA-450-6V93" failures="0" tests="1" name="com.testng.prac.testngH" time="0.005" errors="0" timestamp="2023-02-01T14:01:42 IST" skipped="0">
  <testcase classname="com.testng.prac.testngH" name="testCase1" time="0.005"/>
  <system-out/>
</testsuite> <!-- com.testng.prac.testngH -->
