<?xml version="1.0" encoding="UTF-8"?>
<!-- Generated by org.testng.reporters.JUnitReportReporter -->
<testsuite hostname="KRISHNA-450-6V93" failures="0" tests="4" name="com.testng.prac.testngPriority" time="0.008" errors="0" timestamp="2023-02-01T14:26:31 IST" skipped="0">
  <testcase classname="com.testng.prac.testngPriority" name="c_method" time="0.007"/>
  <system-out/>
  <testcase classname="com.testng.prac.testngPriority" name="d_method" time="0.001"/>
  <system-out/>
  <testcase classname="com.testng.prac.testngPriority" name="a_method" time="0.000"/>
  <system-out/>
  <testcase classname="com.testng.prac.testngPriority" name="b_method" time="0.000"/>
  <system-out/>
</testsuite> <!-- com.testng.prac.testngPriority -->
