<?xml version="1.0" encoding="UTF-8"?>
<!-- Generated by org.testng.reporters.JUnitReportReporter -->
<testsuite hostname="KRISHNA-450-6V93" failures="0" tests="1" name="com.testng.prac.dependsOnExample" time="0.007" errors="0" timestamp="2023-02-01T17:27:37 IST" skipped="0">
  <testcase classname="com.testng.prac.dependsOnExample" name="OpenBrowser" time="0.007"/>
  <system-out/>
</testsuite> <!-- com.testng.prac.dependsOnExample -->
