<?xml version="1.0" encoding="UTF-8"?>
<!-- Generated by org.testng.reporters.JUnitReportReporter -->
<testsuite hostname="KRISHNA-450-6V93" failures="0" tests="2" name="com.testng.prac.inheritDependency" time="0.007" errors="0" timestamp="2023-02-01T17:29:40 IST" skipped="0">
  <testcase classname="com.testng.prac.inheritDependency" name="OpenBrowser" time="0.007"/>
  <system-out/>
  <testcase classname="com.testng.prac.inheritDependency" name="Login" time="0.000"/>
  <system-out/>
</testsuite> <!-- com.testng.prac.inheritDependency -->
