<?xml version="1.0" encoding="UTF-8"?>
<!-- Generated by org.testng.reporters.JUnitReportReporter -->
<testsuite hostname="KRISHNA-450-6V93" failures="0" tests="4" name="com.testng.prac.testngDependentXML" time="0.009" errors="0" timestamp="2023-02-01T17:42:19 IST" skipped="0">
  <testcase classname="com.testng.prac.testngDependentXML" name="OpenBrowser" time="0.006"/>
  <system-out/>
  <testcase classname="com.testng.prac.testngDependentXML" name="CloseAccount" time="0.001"/>
  <system-out/>
  <testcase classname="com.testng.prac.testngDependentXML" name="ViewAcc" time="0.001"/>
  <system-out/>
  <testcase classname="com.testng.prac.testngDependentXML" name="LogIn" time="0.001"/>
  <system-out/>
</testsuite> <!-- com.testng.prac.testngDependentXML -->
