<?xml version="1.0" encoding="UTF-8"?>
<!-- Generated by org.testng.reporters.JUnitReportReporter -->
<testsuite hostname="KRISHNA-450-6V93" failures="0" tests="2" name="com.testng.prac.groupExample" time="2.693" errors="0" timestamp="2023-02-01T16:01:38 IST" skipped="0">
  <testcase classname="com.testng.prac.groupExample" name="click_element" time="1.512"/>
  <system-out/>
  <testcase classname="com.testng.prac.groupExample" name="checkTitle" time="1.181"/>
  <system-out/>
</testsuite> <!-- com.testng.prac.groupExample -->
