<?xml version="1.0" encoding="UTF-8"?>
<!-- Generated by org.testng.reporters.JUnitReportReporter -->
<testsuite hostname="KRISHNA-450-6V93" failures="0" tests="3" name="com.testng.prac.groupDependentTestng" time="0.008" errors="0" timestamp="2023-02-01T17:35:13 IST" skipped="0">
  <testcase classname="com.testng.prac.groupDependentTestng" name="LogIn" time="0.006"/>
  <system-out/>
  <testcase classname="com.testng.prac.groupDependentTestng" name="OpenBrowser" time="0.001"/>
  <system-out/>
  <testcase classname="com.testng.prac.groupDependentTestng" name="viewAcc" time="0.001"/>
  <system-out/>
</testsuite> <!-- com.testng.prac.groupDependentTestng -->
