<?xml version="1.0" encoding="UTF-8"?>
<!-- Generated by org.testng.reporters.JUnitReportReporter -->
<testsuite hostname="KRISHNA-450-6V93" failures="0" tests="1" name="com.testng.prac.NewTest" time="8.594" errors="0" timestamp="2023-02-01T14:00:27 IST" skipped="0">
  <testcase classname="com.testng.prac.NewTest" name="f" time="8.594"/>
  <system-out/>
</testsuite> <!-- com.testng.prac.NewTest -->
