<?xml version="1.0" encoding="UTF-8"?>
<!-- Generated by org.testng.reporters.JUnitReportReporter -->
<testsuite hostname="KRISHNA-450-6V93" failures="0" tests="1" name="com.practice.mavenproject.AppTest" time="0.004" errors="0" timestamp="2023-01-26T14:54:36 IST" skipped="0">
  <testcase classname="com.practice.mavenproject.AppTest" name="shouldAnswerWithTrue" time="0.004"/>
  <system-out/>
</testsuite> <!-- com.practice.mavenproject.AppTest -->
